ARM GAS  C:\Users\MANISH~1\AppData\Local\Temp\ccIH6i2C.s 			page 1


   1              		.cpu cortex-m0
   2              		.fpu softvfp
   3              		.eabi_attribute 20, 1
   4              		.eabi_attribute 21, 1
   5              		.eabi_attribute 23, 3
   6              		.eabi_attribute 24, 1
   7              		.eabi_attribute 25, 1
   8              		.eabi_attribute 26, 1
   9              		.eabi_attribute 30, 6
  10              		.eabi_attribute 34, 0
  11              		.eabi_attribute 18, 4
  12              		.code	16
  13              		.file	"BLE_custom.c"
  14              		.text
  15              	.Ltext0:
  16              		.cfi_sections	.debug_frame
  17              		.global	cyBle_customs
  18              		.section	.rodata
  19              		.align	2
  20              		.type	cyBle_customs, %object
  21              		.size	cyBle_customs, 8
  22              	cyBle_customs:
  23 0000 0C00     		.short	12
  24 0002 0E00     		.short	14
  25 0004 0F00     		.short	15
  26 0006 1000     		.short	16
  27              		.text
  28              	.Letext0:
  29              		.file 1 ".\\Generated_Source\\PSoC4\\cytypes.h"
  30              		.file 2 ".\\Generated_Source\\PSoC4\\BLE_StackGatt.h"
  31              		.file 3 ".\\Generated_Source\\PSoC4\\BLE_custom.h"
  32              		.file 4 ".\\Generated_Source\\PSoC4\\BLE_Stack.h"
  33              		.file 5 ".\\Generated_Source\\PSoC4\\BLE_custom.c"
  34              		.section	.debug_info,"",%progbits
  35              	.Ldebug_info0:
  36 0000 A1020000 		.4byte	0x2a1
  37 0004 0400     		.2byte	0x4
  38 0006 00000000 		.4byte	.Ldebug_abbrev0
  39 000a 04       		.byte	0x4
  40 000b 01       		.uleb128 0x1
  41 000c 45080000 		.4byte	.LASF75
  42 0010 01       		.byte	0x1
  43 0011 73020000 		.4byte	.LASF76
  44 0015 24000000 		.4byte	.LASF77
  45 0019 00000000 		.4byte	.Ldebug_line0
  46 001d 02       		.uleb128 0x2
  47 001e 01       		.byte	0x1
  48 001f 06       		.byte	0x6
  49 0020 8D040000 		.4byte	.LASF0
  50 0024 02       		.uleb128 0x2
  51 0025 01       		.byte	0x1
  52 0026 08       		.byte	0x8
  53 0027 42040000 		.4byte	.LASF1
  54 002b 02       		.uleb128 0x2
  55 002c 02       		.byte	0x2
  56 002d 05       		.byte	0x5
  57 002e E6000000 		.4byte	.LASF2
ARM GAS  C:\Users\MANISH~1\AppData\Local\Temp\ccIH6i2C.s 			page 2


  58 0032 02       		.uleb128 0x2
  59 0033 02       		.byte	0x2
  60 0034 07       		.byte	0x7
  61 0035 85050000 		.4byte	.LASF3
  62 0039 02       		.uleb128 0x2
  63 003a 04       		.byte	0x4
  64 003b 05       		.byte	0x5
  65 003c 0C030000 		.4byte	.LASF4
  66 0040 02       		.uleb128 0x2
  67 0041 04       		.byte	0x4
  68 0042 07       		.byte	0x7
  69 0043 1E050000 		.4byte	.LASF5
  70 0047 02       		.uleb128 0x2
  71 0048 08       		.byte	0x8
  72 0049 05       		.byte	0x5
  73 004a D2020000 		.4byte	.LASF6
  74 004e 02       		.uleb128 0x2
  75 004f 08       		.byte	0x8
  76 0050 07       		.byte	0x7
  77 0051 E0020000 		.4byte	.LASF7
  78 0055 03       		.uleb128 0x3
  79 0056 04       		.byte	0x4
  80 0057 05       		.byte	0x5
  81 0058 696E7400 		.ascii	"int\000"
  82 005c 02       		.uleb128 0x2
  83 005d 04       		.byte	0x4
  84 005e 07       		.byte	0x7
  85 005f F6040000 		.4byte	.LASF8
  86 0063 04       		.uleb128 0x4
  87 0064 B2010000 		.4byte	.LASF67
  88 0068 01       		.byte	0x1
  89 0069 A2       		.byte	0xa2
  90 006a 32000000 		.4byte	0x32
  91 006e 02       		.uleb128 0x2
  92 006f 04       		.byte	0x4
  93 0070 04       		.byte	0x4
  94 0071 99020000 		.4byte	.LASF9
  95 0075 02       		.uleb128 0x2
  96 0076 08       		.byte	0x8
  97 0077 04       		.byte	0x4
  98 0078 93060000 		.4byte	.LASF10
  99 007c 02       		.uleb128 0x2
 100 007d 01       		.byte	0x1
 101 007e 08       		.byte	0x8
 102 007f C1050000 		.4byte	.LASF11
 103 0083 02       		.uleb128 0x2
 104 0084 04       		.byte	0x4
 105 0085 07       		.byte	0x7
 106 0086 28010000 		.4byte	.LASF12
 107 008a 05       		.uleb128 0x5
 108 008b 01       		.byte	0x1
 109 008c 04       		.byte	0x4
 110 008d 58       		.byte	0x58
 111 008e FA010000 		.4byte	0x1fa
 112 0092 06       		.uleb128 0x6
 113 0093 1D020000 		.4byte	.LASF13
 114 0097 00       		.sleb128 0
ARM GAS  C:\Users\MANISH~1\AppData\Local\Temp\ccIH6i2C.s 			page 3


 115 0098 06       		.uleb128 0x6
 116 0099 81010000 		.4byte	.LASF14
 117 009d 01       		.sleb128 1
 118 009e 06       		.uleb128 0x6
 119 009f C6070000 		.4byte	.LASF15
 120 00a3 02       		.sleb128 2
 121 00a4 06       		.uleb128 0x6
 122 00a5 BD060000 		.4byte	.LASF16
 123 00a9 03       		.sleb128 3
 124 00aa 06       		.uleb128 0x6
 125 00ab 4B010000 		.4byte	.LASF17
 126 00af 04       		.sleb128 4
 127 00b0 06       		.uleb128 0x6
 128 00b1 9E030000 		.4byte	.LASF18
 129 00b5 05       		.sleb128 5
 130 00b6 06       		.uleb128 0x6
 131 00b7 1B070000 		.4byte	.LASF19
 132 00bb 20       		.sleb128 32
 133 00bc 06       		.uleb128 0x6
 134 00bd 30050000 		.4byte	.LASF20
 135 00c1 21       		.sleb128 33
 136 00c2 06       		.uleb128 0x6
 137 00c3 00000000 		.4byte	.LASF21
 138 00c7 22       		.sleb128 34
 139 00c8 06       		.uleb128 0x6
 140 00c9 BA030000 		.4byte	.LASF22
 141 00cd 23       		.sleb128 35
 142 00ce 06       		.uleb128 0x6
 143 00cf DA040000 		.4byte	.LASF23
 144 00d3 24       		.sleb128 36
 145 00d4 06       		.uleb128 0x6
 146 00d5 F0000000 		.4byte	.LASF24
 147 00d9 25       		.sleb128 37
 148 00da 06       		.uleb128 0x6
 149 00db 55030000 		.4byte	.LASF25
 150 00df 26       		.sleb128 38
 151 00e0 06       		.uleb128 0x6
 152 00e1 36030000 		.4byte	.LASF26
 153 00e5 27       		.sleb128 39
 154 00e6 06       		.uleb128 0x6
 155 00e7 B2000000 		.4byte	.LASF27
 156 00eb 28       		.sleb128 40
 157 00ec 06       		.uleb128 0x6
 158 00ed 68050000 		.4byte	.LASF28
 159 00f1 29       		.sleb128 41
 160 00f2 06       		.uleb128 0x6
 161 00f3 98050000 		.4byte	.LASF29
 162 00f7 2A       		.sleb128 42
 163 00f8 06       		.uleb128 0x6
 164 00f9 33060000 		.4byte	.LASF30
 165 00fd 2B       		.sleb128 43
 166 00fe 06       		.uleb128 0x6
 167 00ff B9010000 		.4byte	.LASF31
 168 0103 2C       		.sleb128 44
 169 0104 06       		.uleb128 0x6
 170 0105 31010000 		.4byte	.LASF32
 171 0109 C000     		.sleb128 64
ARM GAS  C:\Users\MANISH~1\AppData\Local\Temp\ccIH6i2C.s 			page 4


 172 010b 06       		.uleb128 0x6
 173 010c 03050000 		.4byte	.LASF33
 174 0110 C100     		.sleb128 65
 175 0112 06       		.uleb128 0x6
 176 0113 0A010000 		.4byte	.LASF34
 177 0117 C200     		.sleb128 66
 178 0119 06       		.uleb128 0x6
 179 011a 94010000 		.4byte	.LASF35
 180 011e C300     		.sleb128 67
 181 0120 06       		.uleb128 0x6
 182 0121 84070000 		.4byte	.LASF36
 183 0125 C400     		.sleb128 68
 184 0127 06       		.uleb128 0x6
 185 0128 3F070000 		.4byte	.LASF37
 186 012c C500     		.sleb128 69
 187 012e 06       		.uleb128 0x6
 188 012f 60010000 		.4byte	.LASF38
 189 0133 C600     		.sleb128 70
 190 0135 06       		.uleb128 0x6
 191 0136 6F040000 		.4byte	.LASF39
 192 013a C700     		.sleb128 71
 193 013c 06       		.uleb128 0x6
 194 013d B3040000 		.4byte	.LASF40
 195 0141 C800     		.sleb128 72
 196 0143 06       		.uleb128 0x6
 197 0144 9F020000 		.4byte	.LASF41
 198 0148 C900     		.sleb128 73
 199 014a 06       		.uleb128 0x6
 200 014b F6050000 		.4byte	.LASF42
 201 014f CA00     		.sleb128 74
 202 0151 06       		.uleb128 0x6
 203 0152 DD010000 		.4byte	.LASF43
 204 0156 CB00     		.sleb128 75
 205 0158 06       		.uleb128 0x6
 206 0159 99040000 		.4byte	.LASF44
 207 015d CC00     		.sleb128 76
 208 015f 06       		.uleb128 0x6
 209 0160 B8020000 		.4byte	.LASF45
 210 0164 CD00     		.sleb128 77
 211 0166 06       		.uleb128 0x6
 212 0167 66070000 		.4byte	.LASF46
 213 016b CE00     		.sleb128 78
 214 016d 06       		.uleb128 0x6
 215 016e 50040000 		.4byte	.LASF47
 216 0172 CF00     		.sleb128 79
 217 0174 06       		.uleb128 0x6
 218 0175 D8070000 		.4byte	.LASF48
 219 0179 D000     		.sleb128 80
 220 017b 06       		.uleb128 0x6
 221 017c 14060000 		.4byte	.LASF49
 222 0180 D100     		.sleb128 81
 223 0182 06       		.uleb128 0x6
 224 0183 7D030000 		.4byte	.LASF50
 225 0187 D200     		.sleb128 82
 226 0189 06       		.uleb128 0x6
 227 018a 15030000 		.4byte	.LASF51
 228 018e D300     		.sleb128 83
ARM GAS  C:\Users\MANISH~1\AppData\Local\Temp\ccIH6i2C.s 			page 5


 229 0190 06       		.uleb128 0x6
 230 0191 FC010000 		.4byte	.LASF52
 231 0195 D400     		.sleb128 84
 232 0197 06       		.uleb128 0x6
 233 0198 21080000 		.4byte	.LASF53
 234 019c D500     		.sleb128 85
 235 019e 06       		.uleb128 0x6
 236 019f 1C040000 		.4byte	.LASF54
 237 01a3 F000     		.sleb128 112
 238 01a5 06       		.uleb128 0x6
 239 01a6 F5060000 		.4byte	.LASF55
 240 01aa F100     		.sleb128 113
 241 01ac 06       		.uleb128 0x6
 242 01ad C6050000 		.4byte	.LASF56
 243 01b1 F200     		.sleb128 114
 244 01b3 06       		.uleb128 0x6
 245 01b4 34020000 		.4byte	.LASF57
 246 01b8 F300     		.sleb128 115
 247 01ba 06       		.uleb128 0x6
 248 01bb F0030000 		.4byte	.LASF58
 249 01bf F400     		.sleb128 116
 250 01c1 06       		.uleb128 0x6
 251 01c2 47050000 		.4byte	.LASF59
 252 01c6 F500     		.sleb128 117
 253 01c8 06       		.uleb128 0x6
 254 01c9 52020000 		.4byte	.LASF60
 255 01cd F600     		.sleb128 118
 256 01cf 06       		.uleb128 0x6
 257 01d0 D6060000 		.4byte	.LASF61
 258 01d4 F700     		.sleb128 119
 259 01d6 06       		.uleb128 0x6
 260 01d7 70060000 		.4byte	.LASF62
 261 01db F800     		.sleb128 120
 262 01dd 06       		.uleb128 0x6
 263 01de 9A060000 		.4byte	.LASF63
 264 01e2 F900     		.sleb128 121
 265 01e4 06       		.uleb128 0x6
 266 01e5 A2070000 		.4byte	.LASF64
 267 01e9 FA00     		.sleb128 122
 268 01eb 06       		.uleb128 0x6
 269 01ec 52060000 		.4byte	.LASF65
 270 01f0 FA01     		.sleb128 250
 271 01f2 06       		.uleb128 0x6
 272 01f3 0E040000 		.4byte	.LASF66
 273 01f7 FF01     		.sleb128 255
 274 01f9 00       		.byte	0
 275 01fa 07       		.uleb128 0x7
 276 01fb F7070000 		.4byte	.LASF68
 277 01ff 02       		.byte	0x2
 278 0200 5201     		.2byte	0x152
 279 0202 63000000 		.4byte	0x63
 280 0206 08       		.uleb128 0x8
 281 0207 06       		.byte	0x6
 282 0208 03       		.byte	0x3
 283 0209 34       		.byte	0x34
 284 020a 27020000 		.4byte	0x227
 285 020e 09       		.uleb128 0x9
ARM GAS  C:\Users\MANISH~1\AppData\Local\Temp\ccIH6i2C.s 			page 6


 286 020f 7D000000 		.4byte	.LASF69
 287 0213 03       		.byte	0x3
 288 0214 37       		.byte	0x37
 289 0215 FA010000 		.4byte	0x1fa
 290 0219 00       		.byte	0
 291 021a 09       		.uleb128 0x9
 292 021b 95000000 		.4byte	.LASF70
 293 021f 03       		.byte	0x3
 294 0220 39       		.byte	0x39
 295 0221 27020000 		.4byte	0x227
 296 0225 02       		.byte	0x2
 297 0226 00       		.byte	0
 298 0227 0A       		.uleb128 0xa
 299 0228 FA010000 		.4byte	0x1fa
 300 022c 37020000 		.4byte	0x237
 301 0230 0B       		.uleb128 0xb
 302 0231 83000000 		.4byte	0x83
 303 0235 01       		.byte	0x1
 304 0236 00       		.byte	0
 305 0237 04       		.uleb128 0x4
 306 0238 F7020000 		.4byte	.LASF71
 307 023c 03       		.byte	0x3
 308 023d 3A       		.byte	0x3a
 309 023e 06020000 		.4byte	0x206
 310 0242 08       		.uleb128 0x8
 311 0243 08       		.byte	0x8
 312 0244 03       		.byte	0x3
 313 0245 3D       		.byte	0x3d
 314 0246 63020000 		.4byte	0x263
 315 024a 09       		.uleb128 0x9
 316 024b E2050000 		.4byte	.LASF72
 317 024f 03       		.byte	0x3
 318 0250 40       		.byte	0x40
 319 0251 FA010000 		.4byte	0x1fa
 320 0255 00       		.byte	0
 321 0256 09       		.uleb128 0x9
 322 0257 D4000000 		.4byte	.LASF73
 323 025b 03       		.byte	0x3
 324 025c 43       		.byte	0x43
 325 025d 63020000 		.4byte	0x263
 326 0261 02       		.byte	0x2
 327 0262 00       		.byte	0
 328 0263 0A       		.uleb128 0xa
 329 0264 37020000 		.4byte	0x237
 330 0268 73020000 		.4byte	0x273
 331 026c 0B       		.uleb128 0xb
 332 026d 83000000 		.4byte	0x83
 333 0271 00       		.byte	0
 334 0272 00       		.byte	0
 335 0273 04       		.uleb128 0x4
 336 0274 E0030000 		.4byte	.LASF74
 337 0278 03       		.byte	0x3
 338 0279 44       		.byte	0x44
 339 027a 42020000 		.4byte	0x242
 340 027e 0A       		.uleb128 0xa
 341 027f 73020000 		.4byte	0x273
 342 0283 8E020000 		.4byte	0x28e
ARM GAS  C:\Users\MANISH~1\AppData\Local\Temp\ccIH6i2C.s 			page 7


 343 0287 0B       		.uleb128 0xb
 344 0288 83000000 		.4byte	0x83
 345 028c 00       		.byte	0
 346 028d 00       		.byte	0
 347 028e 0C       		.uleb128 0xc
 348 028f 13080000 		.4byte	.LASF78
 349 0293 05       		.byte	0x5
 350 0294 19       		.byte	0x19
 351 0295 9F020000 		.4byte	0x29f
 352 0299 05       		.uleb128 0x5
 353 029a 03       		.byte	0x3
 354 029b 00000000 		.4byte	cyBle_customs
 355 029f 0D       		.uleb128 0xd
 356 02a0 7E020000 		.4byte	0x27e
 357 02a4 00       		.byte	0
 358              		.section	.debug_abbrev,"",%progbits
 359              	.Ldebug_abbrev0:
 360 0000 01       		.uleb128 0x1
 361 0001 11       		.uleb128 0x11
 362 0002 01       		.byte	0x1
 363 0003 25       		.uleb128 0x25
 364 0004 0E       		.uleb128 0xe
 365 0005 13       		.uleb128 0x13
 366 0006 0B       		.uleb128 0xb
 367 0007 03       		.uleb128 0x3
 368 0008 0E       		.uleb128 0xe
 369 0009 1B       		.uleb128 0x1b
 370 000a 0E       		.uleb128 0xe
 371 000b 10       		.uleb128 0x10
 372 000c 17       		.uleb128 0x17
 373 000d 00       		.byte	0
 374 000e 00       		.byte	0
 375 000f 02       		.uleb128 0x2
 376 0010 24       		.uleb128 0x24
 377 0011 00       		.byte	0
 378 0012 0B       		.uleb128 0xb
 379 0013 0B       		.uleb128 0xb
 380 0014 3E       		.uleb128 0x3e
 381 0015 0B       		.uleb128 0xb
 382 0016 03       		.uleb128 0x3
 383 0017 0E       		.uleb128 0xe
 384 0018 00       		.byte	0
 385 0019 00       		.byte	0
 386 001a 03       		.uleb128 0x3
 387 001b 24       		.uleb128 0x24
 388 001c 00       		.byte	0
 389 001d 0B       		.uleb128 0xb
 390 001e 0B       		.uleb128 0xb
 391 001f 3E       		.uleb128 0x3e
 392 0020 0B       		.uleb128 0xb
 393 0021 03       		.uleb128 0x3
 394 0022 08       		.uleb128 0x8
 395 0023 00       		.byte	0
 396 0024 00       		.byte	0
 397 0025 04       		.uleb128 0x4
 398 0026 16       		.uleb128 0x16
 399 0027 00       		.byte	0
ARM GAS  C:\Users\MANISH~1\AppData\Local\Temp\ccIH6i2C.s 			page 8


 400 0028 03       		.uleb128 0x3
 401 0029 0E       		.uleb128 0xe
 402 002a 3A       		.uleb128 0x3a
 403 002b 0B       		.uleb128 0xb
 404 002c 3B       		.uleb128 0x3b
 405 002d 0B       		.uleb128 0xb
 406 002e 49       		.uleb128 0x49
 407 002f 13       		.uleb128 0x13
 408 0030 00       		.byte	0
 409 0031 00       		.byte	0
 410 0032 05       		.uleb128 0x5
 411 0033 04       		.uleb128 0x4
 412 0034 01       		.byte	0x1
 413 0035 0B       		.uleb128 0xb
 414 0036 0B       		.uleb128 0xb
 415 0037 3A       		.uleb128 0x3a
 416 0038 0B       		.uleb128 0xb
 417 0039 3B       		.uleb128 0x3b
 418 003a 0B       		.uleb128 0xb
 419 003b 01       		.uleb128 0x1
 420 003c 13       		.uleb128 0x13
 421 003d 00       		.byte	0
 422 003e 00       		.byte	0
 423 003f 06       		.uleb128 0x6
 424 0040 28       		.uleb128 0x28
 425 0041 00       		.byte	0
 426 0042 03       		.uleb128 0x3
 427 0043 0E       		.uleb128 0xe
 428 0044 1C       		.uleb128 0x1c
 429 0045 0D       		.uleb128 0xd
 430 0046 00       		.byte	0
 431 0047 00       		.byte	0
 432 0048 07       		.uleb128 0x7
 433 0049 16       		.uleb128 0x16
 434 004a 00       		.byte	0
 435 004b 03       		.uleb128 0x3
 436 004c 0E       		.uleb128 0xe
 437 004d 3A       		.uleb128 0x3a
 438 004e 0B       		.uleb128 0xb
 439 004f 3B       		.uleb128 0x3b
 440 0050 05       		.uleb128 0x5
 441 0051 49       		.uleb128 0x49
 442 0052 13       		.uleb128 0x13
 443 0053 00       		.byte	0
 444 0054 00       		.byte	0
 445 0055 08       		.uleb128 0x8
 446 0056 13       		.uleb128 0x13
 447 0057 01       		.byte	0x1
 448 0058 0B       		.uleb128 0xb
 449 0059 0B       		.uleb128 0xb
 450 005a 3A       		.uleb128 0x3a
 451 005b 0B       		.uleb128 0xb
 452 005c 3B       		.uleb128 0x3b
 453 005d 0B       		.uleb128 0xb
 454 005e 01       		.uleb128 0x1
 455 005f 13       		.uleb128 0x13
 456 0060 00       		.byte	0
ARM GAS  C:\Users\MANISH~1\AppData\Local\Temp\ccIH6i2C.s 			page 9


 457 0061 00       		.byte	0
 458 0062 09       		.uleb128 0x9
 459 0063 0D       		.uleb128 0xd
 460 0064 00       		.byte	0
 461 0065 03       		.uleb128 0x3
 462 0066 0E       		.uleb128 0xe
 463 0067 3A       		.uleb128 0x3a
 464 0068 0B       		.uleb128 0xb
 465 0069 3B       		.uleb128 0x3b
 466 006a 0B       		.uleb128 0xb
 467 006b 49       		.uleb128 0x49
 468 006c 13       		.uleb128 0x13
 469 006d 38       		.uleb128 0x38
 470 006e 0B       		.uleb128 0xb
 471 006f 00       		.byte	0
 472 0070 00       		.byte	0
 473 0071 0A       		.uleb128 0xa
 474 0072 01       		.uleb128 0x1
 475 0073 01       		.byte	0x1
 476 0074 49       		.uleb128 0x49
 477 0075 13       		.uleb128 0x13
 478 0076 01       		.uleb128 0x1
 479 0077 13       		.uleb128 0x13
 480 0078 00       		.byte	0
 481 0079 00       		.byte	0
 482 007a 0B       		.uleb128 0xb
 483 007b 21       		.uleb128 0x21
 484 007c 00       		.byte	0
 485 007d 49       		.uleb128 0x49
 486 007e 13       		.uleb128 0x13
 487 007f 2F       		.uleb128 0x2f
 488 0080 0B       		.uleb128 0xb
 489 0081 00       		.byte	0
 490 0082 00       		.byte	0
 491 0083 0C       		.uleb128 0xc
 492 0084 34       		.uleb128 0x34
 493 0085 00       		.byte	0
 494 0086 03       		.uleb128 0x3
 495 0087 0E       		.uleb128 0xe
 496 0088 3A       		.uleb128 0x3a
 497 0089 0B       		.uleb128 0xb
 498 008a 3B       		.uleb128 0x3b
 499 008b 0B       		.uleb128 0xb
 500 008c 49       		.uleb128 0x49
 501 008d 13       		.uleb128 0x13
 502 008e 3F       		.uleb128 0x3f
 503 008f 19       		.uleb128 0x19
 504 0090 02       		.uleb128 0x2
 505 0091 18       		.uleb128 0x18
 506 0092 00       		.byte	0
 507 0093 00       		.byte	0
 508 0094 0D       		.uleb128 0xd
 509 0095 26       		.uleb128 0x26
 510 0096 00       		.byte	0
 511 0097 49       		.uleb128 0x49
 512 0098 13       		.uleb128 0x13
 513 0099 00       		.byte	0
ARM GAS  C:\Users\MANISH~1\AppData\Local\Temp\ccIH6i2C.s 			page 10


 514 009a 00       		.byte	0
 515 009b 00       		.byte	0
 516              		.section	.debug_aranges,"",%progbits
 517 0000 14000000 		.4byte	0x14
 518 0004 0200     		.2byte	0x2
 519 0006 00000000 		.4byte	.Ldebug_info0
 520 000a 04       		.byte	0x4
 521 000b 00       		.byte	0
 522 000c 0000     		.2byte	0
 523 000e 0000     		.2byte	0
 524 0010 00000000 		.4byte	0
 525 0014 00000000 		.4byte	0
 526              		.section	.debug_line,"",%progbits
 527              	.Ldebug_line0:
 528 0000 81000000 		.section	.debug_str,"MS",%progbits,1
 528      02007B00 
 528      00000201 
 528      FB0E0D00 
 528      01010101 
 529              	.LASF21:
 530 0000 4359424C 		.ascii	"CYBLE_EVT_GAP_PASSKEY_ENTRY_REQUEST\000"
 530      455F4556 
 530      545F4741 
 530      505F5041 
 530      53534B45 
 531              	.LASF77:
 532 0024 433A5C55 		.ascii	"C:\\Users\\Manisha Goyal\\Desktop\\PSoC_4_BLE_CapSe"
 532      73657273 
 532      5C4D616E 
 532      69736861 
 532      20476F79 
 533 0053 6E73655F 		.ascii	"nse_Proximity\\PSOC_CapenseProximity.cydsn\000"
 533      50726F78 
 533      696D6974 
 533      795C5053 
 533      4F435F43 
 534              	.LASF69:
 535 007d 63757374 		.ascii	"customServiceCharHandle\000"
 535      6F6D5365 
 535      72766963 
 535      65436861 
 535      7248616E 
 536              	.LASF70:
 537 0095 63757374 		.ascii	"customServiceCharDescriptors\000"
 537      6F6D5365 
 537      72766963 
 537      65436861 
 537      72446573 
 538              	.LASF27:
 539 00b2 4359424C 		.ascii	"CYBLE_EVT_GAP_DEVICE_DISCONNECTED\000"
 539      455F4556 
 539      545F4741 
 539      505F4445 
 539      56494345 
 540              	.LASF73:
 541 00d4 63757374 		.ascii	"customServiceInfo\000"
 541      6F6D5365 
ARM GAS  C:\Users\MANISH~1\AppData\Local\Temp\ccIH6i2C.s 			page 11


 541      72766963 
 541      65496E66 
 541      6F00
 542              	.LASF2:
 543 00e6 73686F72 		.ascii	"short int\000"
 543      7420696E 
 543      7400
 544              	.LASF24:
 545 00f0 4359424C 		.ascii	"CYBLE_EVT_GAP_AUTH_FAILED\000"
 545      455F4556 
 545      545F4741 
 545      505F4155 
 545      54485F46 
 546              	.LASF34:
 547 010a 4359424C 		.ascii	"CYBLE_EVT_GATT_DISCONNECT_IND\000"
 547      455F4556 
 547      545F4741 
 547      54545F44 
 547      4953434F 
 548              	.LASF12:
 549 0128 73697A65 		.ascii	"sizetype\000"
 549      74797065 
 549      00
 550              	.LASF32:
 551 0131 4359424C 		.ascii	"CYBLE_EVT_GATTC_ERROR_RSP\000"
 551      455F4556 
 551      545F4741 
 551      5454435F 
 551      4552524F 
 552              	.LASF17:
 553 014b 4359424C 		.ascii	"CYBLE_EVT_HCI_STATUS\000"
 553      455F4556 
 553      545F4843 
 553      495F5354 
 553      41545553 
 554              	.LASF38:
 555 0160 4359424C 		.ascii	"CYBLE_EVT_GATTC_READ_BY_TYPE_RSP\000"
 555      455F4556 
 555      545F4741 
 555      5454435F 
 555      52454144 
 556              	.LASF14:
 557 0181 4359424C 		.ascii	"CYBLE_EVT_STACK_ON\000"
 557      455F4556 
 557      545F5354 
 557      41434B5F 
 557      4F4E00
 558              	.LASF35:
 559 0194 4359424C 		.ascii	"CYBLE_EVT_GATTS_XCNHG_MTU_REQ\000"
 559      455F4556 
 559      545F4741 
 559      5454535F 
 559      58434E48 
 560              	.LASF67:
 561 01b2 75696E74 		.ascii	"uint16\000"
 561      313600
 562              	.LASF31:
ARM GAS  C:\Users\MANISH~1\AppData\Local\Temp\ccIH6i2C.s 			page 12


 563 01b9 4359424C 		.ascii	"CYBLE_EVT_GAP_KEYINFO_EXCHNGE_CMPLT\000"
 563      455F4556 
 563      545F4741 
 563      505F4B45 
 563      59494E46 
 564              	.LASF43:
 565 01dd 4359424C 		.ascii	"CYBLE_EVT_GATTC_READ_MULTI_RSP\000"
 565      455F4556 
 565      545F4741 
 565      5454435F 
 565      52454144 
 566              	.LASF52:
 567 01fc 4359424C 		.ascii	"CYBLE_EVT_GATTS_HANDLE_VALUE_CNF\000"
 567      455F4556 
 567      545F4741 
 567      5454535F 
 567      48414E44 
 568              	.LASF13:
 569 021d 4359424C 		.ascii	"CYBLE_EVT_HOST_INVALID\000"
 569      455F4556 
 569      545F484F 
 569      53545F49 
 569      4E56414C 
 570              	.LASF57:
 571 0234 4359424C 		.ascii	"CYBLE_EVT_L2CAP_CBFC_CONN_IND\000"
 571      455F4556 
 571      545F4C32 
 571      4341505F 
 571      43424643 
 572              	.LASF60:
 573 0252 4359424C 		.ascii	"CYBLE_EVT_L2CAP_CBFC_DISCONN_CNF\000"
 573      455F4556 
 573      545F4C32 
 573      4341505F 
 573      43424643 
 574              	.LASF76:
 575 0273 2E5C4765 		.ascii	".\\Generated_Source\\PSoC4\\BLE_custom.c\000"
 575      6E657261 
 575      7465645F 
 575      536F7572 
 575      63655C50 
 576              	.LASF9:
 577 0299 666C6F61 		.ascii	"float\000"
 577      7400
 578              	.LASF41:
 579 029f 4359424C 		.ascii	"CYBLE_EVT_GATTC_READ_RSP\000"
 579      455F4556 
 579      545F4741 
 579      5454435F 
 579      52454144 
 580              	.LASF45:
 581 02b8 4359424C 		.ascii	"CYBLE_EVT_GATTC_WRITE_RSP\000"
 581      455F4556 
 581      545F4741 
 581      5454435F 
 581      57524954 
 582              	.LASF6:
ARM GAS  C:\Users\MANISH~1\AppData\Local\Temp\ccIH6i2C.s 			page 13


 583 02d2 6C6F6E67 		.ascii	"long long int\000"
 583      206C6F6E 
 583      6720696E 
 583      7400
 584              	.LASF7:
 585 02e0 6C6F6E67 		.ascii	"long long unsigned int\000"
 585      206C6F6E 
 585      6720756E 
 585      7369676E 
 585      65642069 
 586              	.LASF71:
 587 02f7 4359424C 		.ascii	"CYBLE_CUSTOMS_INFO_T\000"
 587      455F4355 
 587      53544F4D 
 587      535F494E 
 587      464F5F54 
 588              	.LASF4:
 589 030c 6C6F6E67 		.ascii	"long int\000"
 589      20696E74 
 589      00
 590              	.LASF51:
 591 0315 4359424C 		.ascii	"CYBLE_EVT_GATTC_HANDLE_VALUE_IND\000"
 591      455F4556 
 591      545F4741 
 591      5454435F 
 591      48414E44 
 592              	.LASF26:
 593 0336 4359424C 		.ascii	"CYBLE_EVT_GAP_DEVICE_CONNECTED\000"
 593      455F4556 
 593      545F4741 
 593      505F4445 
 593      56494345 
 594              	.LASF25:
 595 0355 4359424C 		.ascii	"CYBLE_EVT_GAPP_ADVERTISEMENT_START_STOP\000"
 595      455F4556 
 595      545F4741 
 595      50505F41 
 595      44564552 
 596              	.LASF50:
 597 037d 4359424C 		.ascii	"CYBLE_EVT_GATTC_HANDLE_VALUE_NTF\000"
 597      455F4556 
 597      545F4741 
 597      5454435F 
 597      48414E44 
 598              	.LASF18:
 599 039e 4359424C 		.ascii	"CYBLE_EVT_STACK_BUSY_STATUS\000"
 599      455F4556 
 599      545F5354 
 599      41434B5F 
 599      42555359 
 600              	.LASF22:
 601 03ba 4359424C 		.ascii	"CYBLE_EVT_GAP_PASSKEY_DISPLAY_REQUEST\000"
 601      455F4556 
 601      545F4741 
 601      505F5041 
 601      53534B45 
 602              	.LASF74:
ARM GAS  C:\Users\MANISH~1\AppData\Local\Temp\ccIH6i2C.s 			page 14


 603 03e0 4359424C 		.ascii	"CYBLE_CUSTOMS_T\000"
 603      455F4355 
 603      53544F4D 
 603      535F5400 
 604              	.LASF58:
 605 03f0 4359424C 		.ascii	"CYBLE_EVT_L2CAP_CBFC_CONN_CNF\000"
 605      455F4556 
 605      545F4C32 
 605      4341505F 
 605      43424643 
 606              	.LASF66:
 607 040e 4359424C 		.ascii	"CYBLE_EVT_MAX\000"
 607      455F4556 
 607      545F4D41 
 607      5800
 608              	.LASF54:
 609 041c 4359424C 		.ascii	"CYBLE_EVT_L2CAP_CONN_PARAM_UPDATE_REQ\000"
 609      455F4556 
 609      545F4C32 
 609      4341505F 
 609      434F4E4E 
 610              	.LASF1:
 611 0442 756E7369 		.ascii	"unsigned char\000"
 611      676E6564 
 611      20636861 
 611      7200
 612              	.LASF47:
 613 0450 4359424C 		.ascii	"CYBLE_EVT_GATTS_PREP_WRITE_REQ\000"
 613      455F4556 
 613      545F4741 
 613      5454535F 
 613      50524550 
 614              	.LASF39:
 615 046f 4359424C 		.ascii	"CYBLE_EVT_GATTC_FIND_INFO_RSP\000"
 615      455F4556 
 615      545F4741 
 615      5454435F 
 615      46494E44 
 616              	.LASF0:
 617 048d 7369676E 		.ascii	"signed char\000"
 617      65642063 
 617      68617200 
 618              	.LASF44:
 619 0499 4359424C 		.ascii	"CYBLE_EVT_GATTS_WRITE_REQ\000"
 619      455F4556 
 619      545F4741 
 619      5454535F 
 619      57524954 
 620              	.LASF40:
 621 04b3 4359424C 		.ascii	"CYBLE_EVT_GATTC_FIND_BY_TYPE_VALUE_RSP\000"
 621      455F4556 
 621      545F4741 
 621      5454435F 
 621      46494E44 
 622              	.LASF23:
 623 04da 4359424C 		.ascii	"CYBLE_EVT_GAP_AUTH_COMPLETE\000"
 623      455F4556 
ARM GAS  C:\Users\MANISH~1\AppData\Local\Temp\ccIH6i2C.s 			page 15


 623      545F4741 
 623      505F4155 
 623      54485F43 
 624              	.LASF8:
 625 04f6 756E7369 		.ascii	"unsigned int\000"
 625      676E6564 
 625      20696E74 
 625      00
 626              	.LASF33:
 627 0503 4359424C 		.ascii	"CYBLE_EVT_GATT_CONNECT_IND\000"
 627      455F4556 
 627      545F4741 
 627      54545F43 
 627      4F4E4E45 
 628              	.LASF5:
 629 051e 6C6F6E67 		.ascii	"long unsigned int\000"
 629      20756E73 
 629      69676E65 
 629      6420696E 
 629      7400
 630              	.LASF20:
 631 0530 4359424C 		.ascii	"CYBLE_EVT_GAP_AUTH_REQ\000"
 631      455F4556 
 631      545F4741 
 631      505F4155 
 631      54485F52 
 632              	.LASF59:
 633 0547 4359424C 		.ascii	"CYBLE_EVT_L2CAP_CBFC_DISCONN_IND\000"
 633      455F4556 
 633      545F4C32 
 633      4341505F 
 633      43424643 
 634              	.LASF28:
 635 0568 4359424C 		.ascii	"CYBLE_EVT_GAP_ENCRYPT_CHANGE\000"
 635      455F4556 
 635      545F4741 
 635      505F454E 
 635      43525950 
 636              	.LASF3:
 637 0585 73686F72 		.ascii	"short unsigned int\000"
 637      7420756E 
 637      7369676E 
 637      65642069 
 637      6E7400
 638              	.LASF29:
 639 0598 4359424C 		.ascii	"CYBLE_EVT_GAP_CONNECTION_UPDATE_COMPLETE\000"
 639      455F4556 
 639      545F4741 
 639      505F434F 
 639      4E4E4543 
 640              	.LASF11:
 641 05c1 63686172 		.ascii	"char\000"
 641      00
 642              	.LASF56:
 643 05c6 4359424C 		.ascii	"CYBLE_EVT_L2CAP_COMMAND_REJ\000"
 643      455F4556 
 643      545F4C32 
ARM GAS  C:\Users\MANISH~1\AppData\Local\Temp\ccIH6i2C.s 			page 16


 643      4341505F 
 643      434F4D4D 
 644              	.LASF72:
 645 05e2 63757374 		.ascii	"customServiceHandle\000"
 645      6F6D5365 
 645      72766963 
 645      6548616E 
 645      646C6500 
 646              	.LASF42:
 647 05f6 4359424C 		.ascii	"CYBLE_EVT_GATTC_READ_BLOB_RSP\000"
 647      455F4556 
 647      545F4741 
 647      5454435F 
 647      52454144 
 648              	.LASF49:
 649 0614 4359424C 		.ascii	"CYBLE_EVT_GATTC_EXEC_WRITE_RSP\000"
 649      455F4556 
 649      545F4741 
 649      5454435F 
 649      45584543 
 650              	.LASF30:
 651 0633 4359424C 		.ascii	"CYBLE_EVT_GAPC_SCAN_START_STOP\000"
 651      455F4556 
 651      545F4741 
 651      50435F53 
 651      43414E5F 
 652              	.LASF65:
 653 0652 4359424C 		.ascii	"CYBLE_EVT_PENDING_FLASH_WRITE\000"
 653      455F4556 
 653      545F5045 
 653      4E44494E 
 653      475F464C 
 654              	.LASF62:
 655 0670 4359424C 		.ascii	"CYBLE_EVT_L2CAP_CBFC_RX_CREDIT_IND\000"
 655      455F4556 
 655      545F4C32 
 655      4341505F 
 655      43424643 
 656              	.LASF10:
 657 0693 646F7562 		.ascii	"double\000"
 657      6C6500
 658              	.LASF63:
 659 069a 4359424C 		.ascii	"CYBLE_EVT_L2CAP_CBFC_TX_CREDIT_IND\000"
 659      455F4556 
 659      545F4C32 
 659      4341505F 
 659      43424643 
 660              	.LASF16:
 661 06bd 4359424C 		.ascii	"CYBLE_EVT_HARDWARE_ERROR\000"
 661      455F4556 
 661      545F4841 
 661      52445741 
 661      52455F45 
 662              	.LASF61:
 663 06d6 4359424C 		.ascii	"CYBLE_EVT_L2CAP_CBFC_DATA_READ\000"
 663      455F4556 
 663      545F4C32 
ARM GAS  C:\Users\MANISH~1\AppData\Local\Temp\ccIH6i2C.s 			page 17


 663      4341505F 
 663      43424643 
 664              	.LASF55:
 665 06f5 4359424C 		.ascii	"CYBLE_EVT_L2CAP_CONN_PARAM_UPDATE_RSP\000"
 665      455F4556 
 665      545F4C32 
 665      4341505F 
 665      434F4E4E 
 666              	.LASF19:
 667 071b 4359424C 		.ascii	"CYBLE_EVT_GAPC_SCAN_PROGRESS_RESULT\000"
 667      455F4556 
 667      545F4741 
 667      50435F53 
 667      43414E5F 
 668              	.LASF37:
 669 073f 4359424C 		.ascii	"CYBLE_EVT_GATTC_READ_BY_GROUP_TYPE_RSP\000"
 669      455F4556 
 669      545F4741 
 669      5454435F 
 669      52454144 
 670              	.LASF46:
 671 0766 4359424C 		.ascii	"CYBLE_EVT_GATTS_WRITE_CMD_REQ\000"
 671      455F4556 
 671      545F4741 
 671      5454535F 
 671      57524954 
 672              	.LASF36:
 673 0784 4359424C 		.ascii	"CYBLE_EVT_GATTC_XCHNG_MTU_RSP\000"
 673      455F4556 
 673      545F4741 
 673      5454435F 
 673      5843484E 
 674              	.LASF64:
 675 07a2 4359424C 		.ascii	"CYBLE_EVT_L2CAP_CBFC_DATA_WRITE_IND\000"
 675      455F4556 
 675      545F4C32 
 675      4341505F 
 675      43424643 
 676              	.LASF15:
 677 07c6 4359424C 		.ascii	"CYBLE_EVT_TIMEOUT\000"
 677      455F4556 
 677      545F5449 
 677      4D454F55 
 677      5400
 678              	.LASF48:
 679 07d8 4359424C 		.ascii	"CYBLE_EVT_GATTS_EXEC_WRITE_REQ\000"
 679      455F4556 
 679      545F4741 
 679      5454535F 
 679      45584543 
 680              	.LASF68:
 681 07f7 4359424C 		.ascii	"CYBLE_GATT_DB_ATTR_HANDLE_T\000"
 681      455F4741 
 681      54545F44 
 681      425F4154 
 681      54525F48 
 682              	.LASF78:
ARM GAS  C:\Users\MANISH~1\AppData\Local\Temp\ccIH6i2C.s 			page 18


 683 0813 6379426C 		.ascii	"cyBle_customs\000"
 683      655F6375 
 683      73746F6D 
 683      7300
 684              	.LASF53:
 685 0821 4359424C 		.ascii	"CYBLE_EVT_GATTS_DATA_SIGNED_CMD_REQ\000"
 685      455F4556 
 685      545F4741 
 685      5454535F 
 685      44415441 
 686              	.LASF75:
 687 0845 474E5520 		.ascii	"GNU C 4.8.4 20140526 (release) [ARM/embedded-4_8-br"
 687      4320342E 
 687      382E3420 
 687      32303134 
 687      30353236 
 688 0878 616E6368 		.ascii	"anch revision 211358] -mcpu=cortex-m0 -mthumb -g -O"
 688      20726576 
 688      6973696F 
 688      6E203231 
 688      31333538 
 689 08ab 30202D66 		.ascii	"0 -ffunction-sections\000"
 689      66756E63 
 689      74696F6E 
 689      2D736563 
 689      74696F6E 
 690              		.ident	"GCC: (GNU Tools for ARM Embedded Processors) 4.8.4 20140526 (release) [ARM/embedded-4_8-br
