--------------- Build Started: 11/08/2016 11:52:43 Project: PSOC_CapenseProximity, Configuration: ARM GCC 4.8.4 Debug ---------------
cydsfit.exe -.appdatapath "C:\Users\Manisha Goyal\AppData\Local\Cypress Semiconductor\PSoC Creator\3.1" -.fdsnotice -.fdswarpdepfile=warp_dependencies.txt -.fdselabdepfile=elab_dependencies.txt -.fdsbldfile=generated_files.txt -p "C:\Users\Manisha Goyal\Desktop\PSOC_CapsenseProximity\PSOC_CapenseProximity.cydsn\PSOC_CapenseProximity.cyprj" -d CY8C4247LQI-BL483 -s "C:\Users\Manisha Goyal\Desktop\PSOC_CapsenseProximity\PSOC_CapenseProximity.cydsn\Generated_Source\PSoC4" -- -yv2 -q10 -ygs -o2 -v3 -.fftcfgtype=LE
Elaborating Design...
HDL Generation ...
Synthesis ...
Place and Route ...
Tech mapping ...
Analog Placement ...
Analog Routing ...
Analog Code Generation ...
Digital Placement ...
Digital Routing ...
Bitstream Generation ...
Static timing analysis ...
API Generation ...
Dependency Generation ...
Clean Temporary Files ...
The compile step is up to date, no work needs to be done.
arm-none-eabi-ar.exe -rs .\CortexM0\ARM_GCC_484\Debug\PSOC_CapenseProximity.a .\CortexM0\ARM_GCC_484\Debug\cyfitter_cfg.o .\CortexM0\ARM_GCC_484\Debug\BLE.o .\CortexM0\ARM_GCC_484\Debug\BLE_gatt.o .\CortexM0\ARM_GCC_484\Debug\BLE_eventHandler.o .\CortexM0\ARM_GCC_484\Debug\BLE_HAL_INT.o .\CortexM0\ARM_GCC_484\Debug\BLE_HAL_PVT.o .\CortexM0\ARM_GCC_484\Debug\BLE_custom.o .\CortexM0\ARM_GCC_484\Debug\CapSense.o .\CortexM0\ARM_GCC_484\Debug\CapSense_PM.o .\CortexM0\ARM_GCC_484\Debug\CapSense_CSHL.o .\CortexM0\ARM_GCC_484\Debug\CapSense_INT.o .\CortexM0\ARM_GCC_484\Debug\CapSense_TunerHelper.o .\CortexM0\ARM_GCC_484\Debug\CapSense_SMS.o .\CortexM0\ARM_GCC_484\Debug\Status_LED.o .\CortexM0\ARM_GCC_484\Debug\BLE_bless_isr.o .\CortexM0\ARM_GCC_484\Debug\CapSense_SampleClk.o .\CortexM0\ARM_GCC_484\Debug\CapSense_Sns.o .\CortexM0\ARM_GCC_484\Debug\CapSense_SenseClk.o .\CortexM0\ARM_GCC_484\Debug\CyBootAsmGnu.o .\CortexM0\ARM_GCC_484\Debug\CyFlash.o .\CortexM0\ARM_GCC_484\Debug\CyLib.o .\CortexM0\ARM_GCC_484\Debug\cyPm.o .\CortexM0\ARM_GCC_484\Debug\cyutils.o
arm-none-eabi-ar.exe: creating .\CortexM0\ARM_GCC_484\Debug\PSOC_CapenseProximity.a
arm-none-eabi-gcc.exe -Wl,--start-group -o .\CortexM0\ARM_GCC_484\Debug\PSOC_CapenseProximity.elf .\CortexM0\ARM_GCC_484\Debug\main.o .\CortexM0\ARM_GCC_484\Debug\BLEApplications.o .\CortexM0\ARM_GCC_484\Debug\cymetadata.o .\CortexM0\ARM_GCC_484\Debug\Cm0Start.o .\CortexM0\ARM_GCC_484\Debug\PSOC_CapenseProximity.a "C:\Program Files (x86)\Cypress\PSoC Creator\3.1\PSoC Creator\psoc\content\cycomponentlibrary\CyComponentLibrary.cylib\BLE_v1_20\Library\gccCyBLEStack_BLE_SOC_PERIPHERAL.a" "C:\Program Files (x86)\Cypress\PSoC Creator\3.1\PSoC Creator\psoc\content\cycomponentlibrary\CyComponentLibrary.cylib\CapSense_CSD_P4_v2_10\PSoC4\Library\CapsenseP4Library_GCC.a" "C:\Program Files (x86)\Cypress\PSoC Creator\3.1\PSoC Creator\psoc\content\cycomponentlibrary\CyComponentLibrary.cylib\CortexM0\ARM_GCC_484\Debug\CyComponentLibrary.a" -mthumb -march=armv6-m -Wl,-Map,.\CortexM0\ARM_GCC_484\Debug/PSOC_CapenseProximity.map -T .\Generated_Source\PSoC4\cm0gcc.ld -g -specs=nano.specs "-u _printf_float" "" -Wl,--gc-sections -Wl,--end-group
cyelftool.exe -C "C:\Users\Manisha Goyal\Desktop\PSOC_CapsenseProximity\PSOC_CapenseProximity.cydsn\CortexM0\ARM_GCC_484\Debug\PSOC_CapenseProximity.elf" --flash_size 131072 --flash_row_size 128
cyelftool.exe -S "C:\Users\Manisha Goyal\Desktop\PSOC_CapsenseProximity\PSOC_CapenseProximity.cydsn\CortexM0\ARM_GCC_484\Debug\PSOC_CapenseProximity.elf"
Flash used: 75985 of 131072 bytes (58.0 %).
SRAM used: 11756 of 16384 bytes (71.8 %). Stack: 2048 bytes. Heap: 128 bytes.
--------------- Build Succeeded: 11/08/2016 11:53:13 ---------------
