#***************************************************************************

#sjplacer

#Version:            1.1

#Build Date:         Oct 23 2014 13:00:08

#File Generated:     Nov 8 2016 11:52:58

#Purpose:            

#Copyright (C) 2010-2011 by Softjin Technologies Pvt Ltd. All rights reserved.

#***************************************************************************

Executing : C:\Program Files (x86)\Cypress\PSoC Creator\3.1\PSoC Creator\bin/sjplacer.exe --proj-name PSOC_CapenseProximity --netlist-vh2 PSOC_CapenseProximity_p.vh2 --arch-file C:\Program Files (x86)\Cypress\PSoC Creator\3.1\PSoC Creator\dev/psoc4/3/placer.ark --rrg-file C:\Program Files (x86)\Cypress\PSoC Creator\3.1\PSoC Creator\dev/psoc4/3/route_arch-rrg.cydata --irq-file C:\Program Files (x86)\Cypress\PSoC Creator\3.1\PSoC Creator\dev/psoc4/3/irqconn.cydata --dsi-conn-file C:\Program Files (x86)\Cypress\PSoC Creator\3.1\PSoC Creator\dev/psoc4/3/dsiconn.cydata --pins-file pins_56-QFN.xml --lib-file PSOC_CapenseProximity_p.lib --sdc-file PSOC_CapenseProximity.sdc --io-pcf PSOC_CapenseProximity.pci --outdir .

		Softjin Techologies Placer, Version 1.1

Build Date : Oct 23 2014	13:09:21

D2004: Option and Settings Summary
=============================================================
Netlist vh2 file          - PSOC_CapenseProximity_p.vh2
Architecture file         - C:\Program Files (x86)\Cypress\PSoC Creator\3.1\PSoC Creator\dev/psoc4/3/placer.ark
Package                   - 
Defparam file             - 
SDC file                  - PSOC_CapenseProximity.sdc
Output directory          - .
Timing library            - PSOC_CapenseProximity_p.lib
IO Placement file         - PSOC_CapenseProximity.pci

D2050: Starting reading inputs for placer
=============================================================
D2065: Reading netlist file : "PSOC_CapenseProximity_p.vh2"
D2065: Reading arch file : "C:\Program Files (x86)\Cypress\PSoC Creator\3.1\PSoC Creator\dev/psoc4/3/placer.ark"
D2051: Reading of inputs for placer completed successfully

D2053: Starting placement of the design
=============================================================

Phase 2
Phase 3
I2659: No Constrained paths were found. The placer will run in non-timing driven mode.

Design Statistics after Packing
    Number of Combinational MCs 	:	1
    Number of Sequential MCs    	:	0
    Number of DPs               	:	0
    Number of Controls          	:	0
    Number of Status            	:	0
    Number of SyncCells         	:	0
    Number of count7cells       	:	0

Device Utilization Summary after Packing
    Macrocells                  :	1/32
    UDBS                        :	1/4
    IOs                         :	3/38


D2088: Phase 3, elapsed time : 0.0 (sec)

Phase 4
D2088: Phase 4, elapsed time : 0.0 (sec)

Phase 6
D2088: Phase 6, elapsed time : 0.0 (sec)

Phase 7
D2088: Phase 7, elapsed time : 0.0 (sec)

Final Design Statistics
    Number of Combinational MCs 	:	1
    Number of Sequential MCs    	:	0
    Number of DPs               	:	0
    Number of Controls          	:	0
    Number of Status            	:	0
    Number of SyncCells         	:	0
    Number of count7cells       	:	0
    Number of IOs       	:	3

Device Utilization Summary
    Macrocells                  :	1/32
    IOs                         :	3/38


Phase 8
D2088: Phase 8, elapsed time : 0.0 (sec)

D2054: Placement of the design completed successfully

I2076: Total run-time: 0.5 sec.

